Flow report for M4ToVGA_top
Sat Feb 06 22:32:53 2021
Quartus Prime Version 20.1.0 Build 711 06/05/2020 SJ Lite Edition


---------------------
; Table of Contents ;
---------------------
  1. Legal Notice
  2. Flow Summary
  3. Flow Settings
  4. Flow Non-Default Global Settings
  5. Flow Elapsed Time
  6. Flow OS Summary
  7. Flow Log
  8. Flow Messages
  9. Flow Suppressed Messages



----------------
; Legal Notice ;
----------------
Copyright (C) 2020  Intel Corporation. All rights reserved.
Your use of Intel Corporation's design tools, logic functions 
and other software and tools, and any partner logic 
functions, and any output files from any of the foregoing 
(including device programming or simulation files), and any 
associated documentation or information are expressly subject 
to the terms and conditions of the Intel Program License 
Subscription Agreement, the Intel Quartus Prime License Agreement,
the Intel FPGA IP License Agreement, or other applicable license
agreement, including, without limitation, that your use is for
the sole purpose of programming logic devices manufactured by
Intel and sold by Intel or its authorized distributors.  Please
refer to the applicable agreement for further details, at
https://fpgasoftware.intel.com/eula.



+----------------------------------------------------------------------------------+
; Flow Summary                                                                     ;
+------------------------------------+---------------------------------------------+
; Flow Status                        ; Successful - Sat Feb 06 22:32:53 2021       ;
; Quartus Prime Version              ; 20.1.0 Build 711 06/05/2020 SJ Lite Edition ;
; Revision Name                      ; M4ToVGA_top                                 ;
; Top-level Entity Name              ; M4ToVGA_top                                 ;
; Family                             ; Cyclone IV E                                ;
; Device                             ; EP4CE6E22C8                                 ;
; Timing Models                      ; Final                                       ;
; Total logic elements               ; 521 / 6,272 ( 8 % )                         ;
;     Total combinational functions  ; 434 / 6,272 ( 7 % )                         ;
;     Dedicated logic registers      ; 313 / 6,272 ( 5 % )                         ;
; Total registers                    ; 313                                         ;
; Total pins                         ; 49 / 92 ( 53 % )                            ;
; Total virtual pins                 ; 0                                           ;
; Total memory bits                  ; 192,000 / 276,480 ( 69 % )                  ;
; Embedded Multiplier 9-bit elements ; 2 / 30 ( 7 % )                              ;
; Total PLLs                         ; 2 / 2 ( 100 % )                             ;
+------------------------------------+---------------------------------------------+


+-----------------------------------------+
; Flow Settings                           ;
+-------------------+---------------------+
; Option            ; Setting             ;
+-------------------+---------------------+
; Start date & time ; 02/06/2021 22:32:02 ;
; Main task         ; Compilation         ;
; Revision Name     ; M4ToVGA_top         ;
+-------------------+---------------------+


+-----------------------------------------------------------------------------------------------------------------------------------+
; Flow Non-Default Global Settings                                                                                                  ;
+--------------------------------------+----------------------------------------+--------------------+-------------+----------------+
; Assignment Name                      ; Value                                  ; Default Value      ; Entity Name ; Section Id     ;
+--------------------------------------+----------------------------------------+--------------------+-------------+----------------+
; COMPILER_SIGNATURE_ID                ; 121367918328.161267232209568           ; --                 ; --          ; --             ;
; EDA_OUTPUT_DATA_FORMAT               ; Verilog Hdl                            ; --                 ; --          ; eda_simulation ;
; EDA_SIMULATION_TOOL                  ; ModelSim-Altera (Verilog)              ; <None>             ; --          ; --             ;
; EDA_TIME_SCALE                       ; 1 ps                                   ; --                 ; --          ; eda_simulation ;
; FITTER_EFFORT                        ; Standard Fit                           ; Auto Fit           ; --          ; --             ;
; MAX_CORE_JUNCTION_TEMP               ; 85                                     ; --                 ; --          ; --             ;
; MIN_CORE_JUNCTION_TEMP               ; 0                                      ; --                 ; --          ; --             ;
; MISC_FILE                            ; vgaclk.bsf                             ; --                 ; --          ; --             ;
; MISC_FILE                            ; vgaclk_bb.v                            ; --                 ; --          ; --             ;
; MISC_FILE                            ; vgaclk.ppf                             ; --                 ; --          ; --             ;
; MISC_FILE                            ; framebuffer.bsf                        ; --                 ; --          ; --             ;
; MISC_FILE                            ; framebuffer_bb.v                       ; --                 ; --          ; --             ;
; MISC_FILE                            ; altddio.bsf                            ; --                 ; --          ; --             ;
; MISC_FILE                            ; altddio_inst.v                         ; --                 ; --          ; --             ;
; MISC_FILE                            ; altddio_bb.v                           ; --                 ; --          ; --             ;
; MISC_FILE                            ; altddio.inc                            ; --                 ; --          ; --             ;
; MISC_FILE                            ; altddio.cmp                            ; --                 ; --          ; --             ;
; MISC_FILE                            ; altddio.ppf                            ; --                 ; --          ; --             ;
; MISC_FILE                            ; clkstg2_bb.v                           ; --                 ; --          ; --             ;
; MISC_FILE                            ; clkstg2.ppf                            ; --                 ; --          ; --             ;
; MUX_RESTRUCTURE                      ; Off                                    ; Auto               ; --          ; --             ;
; NUM_PARALLEL_PROCESSORS              ; All                                    ; --                 ; --          ; --             ;
; OPTIMIZATION_MODE                    ; Aggressive Performance                 ; Balanced           ; --          ; --             ;
; OPTIMIZE_POWER_DURING_FITTING        ; Off                                    ; Normal compilation ; --          ; --             ;
; OPTIMIZE_POWER_DURING_SYNTHESIS      ; Off                                    ; Normal compilation ; --          ; --             ;
; OUTPUT_IO_TIMING_FAR_END_VMEAS       ; Half Signal Swing                      ; --                 ; --          ; --             ;
; OUTPUT_IO_TIMING_FAR_END_VMEAS       ; Half Signal Swing                      ; --                 ; --          ; --             ;
; OUTPUT_IO_TIMING_NEAR_END_VMEAS      ; Half Vccio                             ; --                 ; --          ; --             ;
; OUTPUT_IO_TIMING_NEAR_END_VMEAS      ; Half Vccio                             ; --                 ; --          ; --             ;
; PARTITION_COLOR                      ; -- (Not supported for targeted family) ; --                 ; --          ; Top            ;
; PARTITION_FITTER_PRESERVATION_LEVEL  ; -- (Not supported for targeted family) ; --                 ; --          ; Top            ;
; PARTITION_NETLIST_TYPE               ; -- (Not supported for targeted family) ; --                 ; --          ; Top            ;
; PHYSICAL_SYNTHESIS_COMBO_LOGIC       ; On                                     ; Off                ; --          ; --             ;
; PHYSICAL_SYNTHESIS_REGISTER_RETIMING ; On                                     ; Off                ; --          ; --             ;
; PLACEMENT_EFFORT_MULTIPLIER          ; 4.0                                    ; 1.0                ; --          ; --             ;
; POWER_BOARD_THERMAL_MODEL            ; None (CONSERVATIVE)                    ; --                 ; --          ; --             ;
; POWER_PRESET_COOLING_SOLUTION        ; 23 MM HEAT SINK WITH 200 LFPM AIRFLOW  ; --                 ; --          ; --             ;
; PROJECT_OUTPUT_DIRECTORY             ; output_files                           ; --                 ; --          ; --             ;
; ROUTER_TIMING_OPTIMIZATION_LEVEL     ; MAXIMUM                                ; Normal             ; --          ; --             ;
+--------------------------------------+----------------------------------------+--------------------+-------------+----------------+


+--------------------------------------------------------------------------------------------------------------------------+
; Flow Elapsed Time                                                                                                        ;
+----------------------+--------------+-------------------------+---------------------+------------------------------------+
; Module Name          ; Elapsed Time ; Average Processors Used ; Peak Virtual Memory ; Total CPU Time (on all processors) ;
+----------------------+--------------+-------------------------+---------------------+------------------------------------+
; Analysis & Synthesis ; 00:00:23     ; 1.0                     ; 4804 MB             ; 00:00:31                           ;
; Fitter               ; 00:00:14     ; 1.0                     ; 5244 MB             ; 00:00:15                           ;
; Assembler            ; 00:00:03     ; 1.0                     ; 4691 MB             ; 00:00:03                           ;
; Timing Analyzer      ; 00:00:04     ; 1.1                     ; 4736 MB             ; 00:00:04                           ;
; EDA Netlist Writer   ; 00:00:01     ; 1.0                     ; 4646 MB             ; 00:00:01                           ;
; Total                ; 00:00:45     ; --                      ; --                  ; 00:00:54                           ;
+----------------------+--------------+-------------------------+---------------------+------------------------------------+


+------------------------------------------------------------------------------------+
; Flow OS Summary                                                                    ;
+----------------------+------------------+------------+------------+----------------+
; Module Name          ; Machine Hostname ; OS Name    ; OS Version ; Processor type ;
+----------------------+------------------+------------+------------+----------------+
; Analysis & Synthesis ; JOEROUNCEVI9602  ; Windows 10 ; 10.0       ; x86_64         ;
; Fitter               ; JOEROUNCEVI9602  ; Windows 10 ; 10.0       ; x86_64         ;
; Assembler            ; JOEROUNCEVI9602  ; Windows 10 ; 10.0       ; x86_64         ;
; Timing Analyzer      ; JOEROUNCEVI9602  ; Windows 10 ; 10.0       ; x86_64         ;
; EDA Netlist Writer   ; JOEROUNCEVI9602  ; Windows 10 ; 10.0       ; x86_64         ;
+----------------------+------------------+------------+------------+----------------+


------------
; Flow Log ;
------------
quartus_map --read_settings_files=on --write_settings_files=off M4ToVGA -c M4ToVGA_top
quartus_fit --read_settings_files=off --write_settings_files=off M4ToVGA -c M4ToVGA_top
quartus_asm --read_settings_files=off --write_settings_files=off M4ToVGA -c M4ToVGA_top
quartus_sta M4ToVGA -c M4ToVGA_top
quartus_eda --read_settings_files=off --write_settings_files=off M4ToVGA -c M4ToVGA_top



